Symbol table for program InputFiles/p1.vcl:
0->deque(['0'])
1->deque([])
2->deque([])
3->deque([])
4->deque([])
5->deque(['maxThree'])
6->deque([])
7->deque(['a'])
8->deque(['b'])
9->deque(['c'])
10->deque([])
11->deque(['void'])
12->deque([])
13->deque([])
14->deque([])
15->deque([])
16->deque([])
17->deque([])
18->deque([])
19->deque(['largest'])
20->deque([])


Symbol table for program InputFiles/p2.vcl:
0->deque(['0'])
1->deque(['1'])
2->deque(['2'])
3->deque([])
4->deque(['"n is NOT a prime number"'])
5->deque([])
6->deque([])
7->deque(['"n is a prime number"'])
8->deque([])
9->deque([])
10->deque(['d'])
11->deque(['void'])
12->deque([])
13->deque([])
14->deque(['checkPrime'])
15->deque([])
16->deque([])
17->deque(['ok'])
18->deque([])
19->deque([])
20->deque(['n'])


Symbol table for program InputFiles/p3.vcl:
0->deque(['0'])
1->deque(['1'])
2->deque([])
3->deque([])
4->deque([])
5->deque([])
6->deque(['biggest'])
7->deque([])
8->deque([])
9->deque([])
10->deque([])
11->deque(['void'])
12->deque(['maxArray'])
13->deque([])
14->deque([])
15->deque(['i'])
16->deque([])
17->deque(['A'])
18->deque([])
19->deque([])
20->deque(['n'])


Symbol table for program InputFiles/p1err.vcl:
0->deque([])
1->deque([])
2->deque([])
3->deque([])
4->deque([])
5->deque(['maxThree'])
6->deque([])
7->deque(['a'])
8->deque(['b'])
9->deque(['c'])
10->deque([])
11->deque(['void'])
12->deque([])
13->deque([])
14->deque([])
15->deque([])
16->deque([])
17->deque([])
18->deque([])
19->deque(['largest'])
20->deque([])


